2017-12-26 20:52:06,966:INFO:discord.client: on_ready has successfully been registered as an event
2017-12-26 20:52:06,966:INFO:discord.client: on_message has successfully been registered as an event
2017-12-26 20:52:06,967:INFO:discord.client: logging in using static token
2017-12-26 20:52:07,659:DEBUG:discord.http: GET https://discordapp.com/api/v6/users/@me with None has returned 200
2017-12-26 20:52:07,659:DEBUG:discord.http: GET https://discordapp.com/api/v6/users/@me has received {'verified': True, 'id': '333637866846552066', 'mfa_enabled': False, 'discriminator': '8844', 'username': 'Meme Digest', 'bot': True, 'avatar': 'c99b9cb425d367c3ba8c935c6d8ec543', 'email': None}
2017-12-26 20:52:07,677:DEBUG:discord.http: GET https://discordapp.com/api/v6/gateway with None has returned 200
2017-12-26 20:52:07,677:DEBUG:discord.http: GET https://discordapp.com/api/v6/gateway has received {'url': 'wss://gateway.discord.gg'}
2017-12-26 20:52:08,243:INFO:discord.gateway: Created websocket connected to wss://gateway.discord.gg?encoding=json&v=6
2017-12-26 20:52:08,244:DEBUG:discord.client: Dispatching event socket_raw_receive
2017-12-26 20:52:08,244:DEBUG:discord.gateway: WebSocket Event: {'s': None, 'op': 10, 't': None, 'd': {'heartbeat_interval': 41250, '_trace': ['gateway-prd-main-k5k0']}}
2017-12-26 20:52:08,244:DEBUG:discord.client: Dispatching event socket_response
2017-12-26 20:52:08,246:INFO:discord.gateway: sent the identify payload to create the websocket
2017-12-26 20:52:08,301:DEBUG:discord.client: Dispatching event socket_raw_receive
2017-12-26 20:52:08,302:DEBUG:discord.gateway: WebSocket Event: {'s': 1, 'op': 0, 't': 'READY', 'd': {'user': {'verified': True, 'id': '333637866846552066', 'mfa_enabled': False, 'discriminator': '8844', 'username': 'Meme Digest', 'bot': True, 'avatar': 'c99b9cb425d367c3ba8c935c6d8ec543', 'email': None}, 'user_settings': {}, 'session_id': '172da33f0a632c888a72270810476d6b', '_trace': ['gateway-prd-main-k5k0', 'discord-sessions-prd-1-11'], 'guilds': [{'id': '321438630788988928', 'unavailable': True}, {'id': '333642808097505302', 'unavailable': True}], 'v': 6, 'presences': [], 'private_channels': [], 'relationships': []}}
2017-12-26 20:52:08,302:DEBUG:discord.client: Dispatching event socket_response
2017-12-26 20:52:08,302:DEBUG:discord.client: Dispatching event socket_raw_receive
2017-12-26 20:52:08,303:DEBUG:discord.gateway: WebSocket Event: {'s': 2, 'op': 0, 't': 'GUILD_CREATE', 'd': {'application_id': None, 'system_channel_id': None, 'roles': [{'name': '@everyone', 'managed': False, 'id': '321438630788988928', 'position': 0, 'hoist': False, 'color': 0, 'mentionable': False, 'permissions': 104324161}, {'name': 'Dev$', 'managed': False, 'id': '334899886950711296', 'position': 1, 'hoist': False, 'color': 3447003, 'mentionable': False, 'permissions': 104324169}], 'explicit_content_filter': 0, 'id': '321438630788988928', 'large': False, 'unavailable': False, 'voice_states': [{'self_video': False, 'user_id': '301534105428819970', 'session_id': '4ff8b3d727564448d467c57c5228d984', 'mute': False, 'self_deaf': False, 'channel_id': '321438630788988930', 'self_mute': True, 'deaf': False, 'suppress': False}], 'channels': [{'name': 'written_memes', 'id': '321438630788988928', 'position': 0, 'last_message_id': '395365233864081428', 'type': 0, 'permission_overwrites': [], 'topic': ''}, {'name': 'Spoken_Memes', 'type': 2, 'id': '321438630788988930', 'position': 0, 'user_limit': 0, 'permission_overwrites': [], 'bitrate': 64000}, {'name': 'Sleepy_Dev', 'type': 2, 'id': '322141288986050571', 'position': 1, 'user_limit': 0, 'permission_overwrites': [], 'bitrate': 64000}, {'name': 'Sidebar_Memes', 'type': 2, 'id': '391064060248064000', 'position': 2, 'user_limit': 0, 'parent_id': None, 'permission_overwrites': [], 'nsfw': False, 'bitrate': 64000}], 'emojis': [], 'mfa_level': 0, 'verification_level': 0, 'owner_id': '168375710715609088', 'name': 'Meme Team 2: The Bastion', 'members': [{'joined_at': '2017-07-14T04:05:28.454000+00:00', 'user': {'avatar': 'a06ad51ef412888893b1d7087648b5cb', 'id': '156627585474887680', 'discriminator': '1386', 'username': 'Syd'}, 'deaf': False, 'roles': [], 'mute': False}, {'joined_at': '2017-06-06T00:02:21.624000+00:00', 'user': {'avatar': 'd2a36d164a4cfaa63b09638812d40078', 'id': '168375710715609088', 'discriminator': '0044', 'username': 'Tengwar'}, 'deaf': False, 'roles': [], 'mute': False}, {'joined_at': '2017-06-18T18:33:59.044000+00:00', 'user': {'avatar': None, 'id': '173785313154433024', 'discriminator': '7485', 'username': 'Freddy'}, 'deaf': False, 'roles': [], 'mute': False}, {'joined_at': '2017-09-12T03:23:40.553000+00:00', 'user': {'avatar': '9b2e75bf8e3de9484d8a96b2c1136ae6', 'id': '174064695781752832', 'discriminator': '1007', 'username': 'BeardCrow'}, 'deaf': False, 'roles': [], 'mute': False}, {'joined_at': '2017-09-12T03:03:25.473000+00:00', 'user': {'avatar': 'f6d44d275ef9bb35c640a60dc3b3a386', 'id': '174096443496333312', 'discriminator': '4596', 'username': 'Luigi-Senpai'}, 'deaf': False, 'roles': [], 'mute': False}, {'joined_at': '2017-06-07T00:51:00.908000+00:00', 'user': {'avatar': 'dcdc77d66638b74f4ffe1157d3708aa0', 'id': '177617821289676800', 'discriminator': '8735', 'username': 'TheStarFather'}, 'deaf': False, 'roles': [], 'mute': False}, {'joined_at': '2017-06-18T17:56:33.566000+00:00', 'user': {'avatar': None, 'id': '177961577138487296', 'discriminator': '4417', 'username': 'Samet The Turk'}, 'deaf': False, 'roles': [], 'mute': False}, {'joined_at': '2017-11-22T05:02:20.891292+00:00', 'user': {'avatar': None, 'id': '184129220866342913', 'discriminator': '2135', 'username': 'Lulu'}, 'deaf': False, 'roles': [], 'mute': False}, {'user': {'avatar': None, 'id': '184508051594674176', 'discriminator': '5808', 'username': 'Shiny Bronzong'}, 'roles': [], 'joined_at': '2017-06-06T00:05:22.034000+00:00', 'nick': 'u wot m8', 'mute': False, 'deaf': False}, {'joined_at': '2017-11-22T05:40:02.161966+00:00', 'user': {'avatar': '554e55cc6159bd604d9e631f04250532', 'id': '186705434030243840', 'discriminator': '1477', 'username': 'WhiteAngel1010'}, 'deaf': False, 'roles': [], 'mute': False}, {'joined_at': '2017-06-06T00:03:56.481000+00:00', 'user': {'avatar': '0ec2d4f167043f3cab0f256fc82f6e8b', 'id': '222564903658061824', 'discriminator': '2653', 'username': 'redwallguy'}, 'deaf': False, 'roles': ['334899886950711296'], 'mute': False}, {'joined_at': '2017-06-08T02:23:01.768000+00:00', 'user': {'avatar': None, 'id': '301534105428819970', 'discriminator': '6010', 'username': 'WalkedIntoMordor'}, 'deaf': False, 'roles': [], 'mute': False}, {'joined_at': '2017-07-10T02:28:58.318000+00:00', 'user': {'bot': True, 'id': '333637866846552066', 'discriminator': '8844', 'username': 'Meme Digest', 'avatar': 'c99b9cb425d367c3ba8c935c6d8ec543'}, 'deaf': False, 'roles': ['334899886950711296'], 'mute': False}, {'joined_at': '2017-07-16T01:42:35.841000+00:00', 'user': {'avatar': None, 'id': '335959240260976644', 'discriminator': '0741', 'username': 'redwallman'}, 'deaf': False, 'roles': [], 'mute': False}, {'joined_at': '2017-10-17T05:21:58.130000+00:00', 'user': {'avatar': '3ce4eaa5720c5dedb7e29e6aa729fc7f', 'id': '361709851245674499', 'discriminator': '1456', 'username': 'daimond-kun'}, 'deaf': False, 'roles': [], 'mute': False}, {'joined_at': '2017-10-01T23:17:57.707000+00:00', 'user': {'avatar': None, 'id': '361710641104289792', 'discriminator': '3897', 'username': 'TheGudZucc'}, 'deaf': False, 'roles': [], 'mute': False}, {'joined_at': '2017-10-04T02:19:15.794000+00:00', 'user': {'avatar': None, 'id': '364958366818369558', 'discriminator': '0770', 'username': 'DiscordUser1'}, 'deaf': False, 'roles': [], 'mute': False}, {'joined_at': '2017-11-06T17:38:36.516000+00:00', 'user': {'bot': True, 'id': '373195616706101269', 'discriminator': '7769', 'username': "Taric's Knowledge Bot", 'avatar': '7cb6d33c3904559d210c93086824a565'}, 'deaf': False, 'roles': [], 'mute': False}, {'joined_at': '2017-12-12T05:37:31.123151+00:00', 'user': {'avatar': None, 'id': '390012375845175307', 'discriminator': '2314', 'username': 'ervinsue'}, 'deaf': False, 'roles': [], 'mute': False}], 'splash': None, 'joined_at': '2017-07-10T02:28:58.318000+00:00', 'features': [], 'presences': [{'game': {'type': 0, 'name': 'Yu-Gi-Oh! Duel Links', 'timestamps': {'start': 1514278397651}}, 'status': 'idle', 'user': {'id': '173785313154433024'}}, {'game': {'type': 0, 'name': 'Clicker Heroes', 'timestamps': {'start': 1514334754439}}, 'status': 'online', 'user': {'id': '174096443496333312'}}, {'game': None, 'status': 'online', 'user': {'id': '222564903658061824'}}, {'game': None, 'status': 'idle', 'user': {'id': '301534105428819970'}}, {'game': None, 'status': 'online', 'user': {'id': '333637866846552066'}}, {'game': None, 'status': 'online', 'user': {'id': '361709851245674499'}}, {'game': None, 'status': 'online', 'user': {'id': '373195616706101269'}}], 'default_message_notifications': 0, 'member_count': 19, 'region': 'us-east', 'afk_timeout': 300, 'icon': 'd2a36d164a4cfaa63b09638812d40078', 'afk_channel_id': None}}
2017-12-26 20:52:08,303:DEBUG:discord.client: Dispatching event socket_response
2017-12-26 20:52:08,305:DEBUG:discord.client: Dispatching event server_available
2017-12-26 20:52:08,305:DEBUG:discord.client: Dispatching event socket_raw_receive
2017-12-26 20:52:08,306:DEBUG:discord.gateway: WebSocket Event: {'s': 3, 'op': 0, 't': 'GUILD_CREATE', 'd': {'application_id': None, 'system_channel_id': None, 'roles': [{'name': '@everyone', 'managed': False, 'id': '333642808097505302', 'position': 0, 'hoist': False, 'color': 0, 'mentionable': False, 'permissions': 104324161}], 'explicit_content_filter': 0, 'id': '333642808097505302', 'large': False, 'unavailable': False, 'voice_states': [], 'channels': [{'name': 'general', 'id': '333642808097505302', 'position': 0, 'last_message_id': '395389933579141120', 'type': 0, 'permission_overwrites': [], 'topic': None}, {'name': 'General', 'type': 2, 'id': '333642808814600193', 'position': 0, 'user_limit': 0, 'permission_overwrites': [], 'bitrate': 64000}], 'emojis': [], 'mfa_level': 0, 'verification_level': 0, 'owner_id': '222564903658061824', 'name': 'Meme Digest', 'members': [{'joined_at': '2017-07-09T16:17:24.440000+00:00', 'user': {'avatar': '0ec2d4f167043f3cab0f256fc82f6e8b', 'id': '222564903658061824', 'discriminator': '2653', 'username': 'redwallguy'}, 'deaf': False, 'roles': [], 'mute': False}, {'joined_at': '2017-07-09T16:36:22.512000+00:00', 'user': {'bot': True, 'id': '333637866846552066', 'discriminator': '8844', 'username': 'Meme Digest', 'avatar': 'c99b9cb425d367c3ba8c935c6d8ec543'}, 'deaf': False, 'roles': [], 'mute': False}, {'joined_at': '2017-11-06T17:37:42.219000+00:00', 'user': {'bot': True, 'id': '373195616706101269', 'discriminator': '7769', 'username': "Taric's Knowledge Bot", 'avatar': '7cb6d33c3904559d210c93086824a565'}, 'deaf': False, 'roles': [], 'mute': False}], 'splash': None, 'joined_at': '2017-07-09T16:36:22.512000+00:00', 'features': [], 'presences': [{'game': None, 'status': 'online', 'user': {'id': '222564903658061824'}}, {'game': None, 'status': 'online', 'user': {'id': '333637866846552066'}}, {'game': None, 'status': 'online', 'user': {'id': '373195616706101269'}}], 'default_message_notifications': 0, 'member_count': 3, 'region': 'us-east', 'afk_timeout': 300, 'icon': '4c7e414438b8483abd0dcbfaf71f7cb0', 'afk_channel_id': None}}
2017-12-26 20:52:08,306:DEBUG:discord.client: Dispatching event socket_response
2017-12-26 20:52:08,306:DEBUG:discord.client: Dispatching event server_available
2017-12-26 20:52:10,309:DEBUG:discord.client: Dispatching event ready
2017-12-26 20:52:14,580:DEBUG:discord.client: Dispatching event socket_raw_receive
2017-12-26 20:52:14,580:DEBUG:discord.gateway: WebSocket Event: {'s': 4, 'op': 0, 't': 'TYPING_START', 'd': {'timestamp': 1514339534, 'user_id': '222564903658061824', 'channel_id': '333642808097505302'}}
2017-12-26 20:52:14,580:DEBUG:discord.client: Dispatching event socket_response
2017-12-26 20:52:14,607:DEBUG:discord.client: Dispatching event typing
2017-12-26 20:52:17,357:DEBUG:discord.client: Dispatching event socket_raw_receive
2017-12-26 20:52:17,357:DEBUG:discord.gateway: WebSocket Event: {'s': 5, 'op': 0, 't': 'MESSAGE_CREATE', 'd': {'mention_everyone': False, 'id': '395393419691819018', 'attachments': [], 'tts': False, 'mentions': [], 'type': 0, 'embeds': [], 'edited_timestamp': None, 'content': '!digest(305)', 'channel_id': '333642808097505302', 'pinned': False, 'mention_roles': [], 'timestamp': '2017-12-27T01:52:17.309000+00:00', 'nonce': '395393418852827136', 'author': {'avatar': '0ec2d4f167043f3cab0f256fc82f6e8b', 'id': '222564903658061824', 'discriminator': '2653', 'username': 'redwallguy'}}}
2017-12-26 20:52:17,357:DEBUG:discord.client: Dispatching event socket_response
2017-12-26 20:52:17,358:DEBUG:discord.client: Dispatching event message
2017-12-26 20:52:20,099:DEBUG:discord.client: Dispatching event socket_raw_receive
2017-12-26 20:52:20,099:DEBUG:discord.gateway: WebSocket Event: {'s': 6, 'op': 0, 't': 'MESSAGE_CREATE', 'd': {'mention_everyone': False, 'id': '395393431339401216', 'attachments': [], 'tts': False, 'mentions': [], 'type': 0, 'embeds': [], 'edited_timestamp': None, 'content': 'Sorry, that volume is not yet made.', 'channel_id': '333642808097505302', 'pinned': False, 'mention_roles': [], 'timestamp': '2017-12-27T01:52:20.086000+00:00', 'nonce': None, 'author': {'bot': True, 'id': '333637866846552066', 'discriminator': '8844', 'username': 'Meme Digest', 'avatar': 'c99b9cb425d367c3ba8c935c6d8ec543'}}}
2017-12-26 20:52:20,099:DEBUG:discord.client: Dispatching event socket_response
2017-12-26 20:52:20,099:DEBUG:discord.client: Dispatching event message
2017-12-26 20:52:20,106:DEBUG:discord.http: POST https://discordapp.com/api/v6/channels/333642808097505302/messages with {"content":"Sorry, that volume is not yet made."} has returned 200
2017-12-26 20:52:20,106:DEBUG:discord.http: POST https://discordapp.com/api/v6/channels/333642808097505302/messages has received {'mention_everyone': False, 'id': '395393431339401216', 'tts': False, 'mentions': [], 'type': 0, 'embeds': [], 'pinned': False, 'content': 'Sorry, that volume is not yet made.', 'attachments': [], 'channel_id': '333642808097505302', 'edited_timestamp': None, 'mention_roles': [], 'timestamp': '2017-12-27T01:52:20.086000+00:00', 'nonce': None, 'author': {'bot': True, 'id': '333637866846552066', 'discriminator': '8844', 'username': 'Meme Digest', 'avatar': 'c99b9cb425d367c3ba8c935c6d8ec543'}}
2017-12-26 20:52:49,499:DEBUG:discord.gateway: Keeping websocket alive with sequence 6
2017-12-26 20:52:49,526:DEBUG:discord.client: Dispatching event socket_raw_receive
2017-12-26 20:52:49,526:DEBUG:discord.gateway: WebSocket Event: {'s': None, 'op': 11, 't': None, 'd': None}
2017-12-26 20:52:49,526:DEBUG:discord.client: Dispatching event socket_response
2017-12-26 20:53:04,709:DEBUG:discord.client: Dispatching event socket_raw_receive
2017-12-26 20:53:04,709:DEBUG:discord.gateway: WebSocket Event: {'s': 7, 'op': 0, 't': 'PRESENCE_UPDATE', 'd': {'user': {'id': '174096443496333312'}, 'roles': [], 'nick': None, 'game': {'type': 0, 'name': 'Clicker Heroes', 'timestamps': {'start': 1514334754439}}, 'status': 'idle', 'guild_id': '321438630788988928'}}
2017-12-26 20:53:04,709:DEBUG:discord.client: Dispatching event socket_response
2017-12-26 20:53:04,709:DEBUG:discord.client: Dispatching event member_update
2017-12-26 20:53:30,755:DEBUG:discord.gateway: Keeping websocket alive with sequence 7
2017-12-26 20:53:31,027:DEBUG:discord.client: Dispatching event socket_raw_receive
2017-12-26 20:53:31,027:DEBUG:discord.gateway: WebSocket Event: {'s': None, 'op': 11, 't': None, 'd': None}
2017-12-26 20:53:31,027:DEBUG:discord.client: Dispatching event socket_response
2017-12-26 20:53:42,118:DEBUG:discord.client: Dispatching event socket_raw_receive
2017-12-26 20:53:42,118:DEBUG:discord.gateway: WebSocket Event: {'s': 8, 'op': 0, 't': 'TYPING_START', 'd': {'timestamp': 1514339622, 'user_id': '222564903658061824', 'channel_id': '333642808097505302'}}
2017-12-26 20:53:42,118:DEBUG:discord.client: Dispatching event socket_response
2017-12-26 20:53:42,119:DEBUG:discord.client: Dispatching event typing
2017-12-26 20:53:44,943:DEBUG:discord.client: Dispatching event socket_raw_receive
2017-12-26 20:53:44,943:DEBUG:discord.gateway: WebSocket Event: {'s': 9, 'op': 0, 't': 'MESSAGE_CREATE', 'd': {'mention_everyone': False, 'id': '395393787171700746', 'attachments': [], 'tts': False, 'mentions': [], 'type': 0, 'embeds': [], 'edited_timestamp': None, 'content': '!digest(113)', 'channel_id': '333642808097505302', 'pinned': False, 'mention_roles': [], 'timestamp': '2017-12-27T01:53:44.923000+00:00', 'nonce': '395393786584236032', 'author': {'avatar': '0ec2d4f167043f3cab0f256fc82f6e8b', 'id': '222564903658061824', 'discriminator': '2653', 'username': 'redwallguy'}}}
2017-12-26 20:53:44,943:DEBUG:discord.client: Dispatching event socket_response
2017-12-26 20:53:44,944:DEBUG:discord.client: Dispatching event message
2017-12-26 20:53:46,390:DEBUG:discord.client: Dispatching event socket_raw_receive
2017-12-26 20:53:46,391:DEBUG:discord.gateway: WebSocket Event: {'s': 10, 'op': 0, 't': 'MESSAGE_CREATE', 'd': {'mention_everyone': False, 'id': '395393793102184451', 'attachments': [], 'tts': False, 'mentions': [], 'type': 0, 'embeds': [], 'edited_timestamp': None, 'content': 'https://imgur.com/a/YZ25q', 'channel_id': '333642808097505302', 'pinned': False, 'mention_roles': [], 'timestamp': '2017-12-27T01:53:46.337000+00:00', 'nonce': None, 'author': {'bot': True, 'id': '333637866846552066', 'discriminator': '8844', 'username': 'Meme Digest', 'avatar': 'c99b9cb425d367c3ba8c935c6d8ec543'}}}
2017-12-26 20:53:46,391:DEBUG:discord.client: Dispatching event socket_response
2017-12-26 20:53:46,391:DEBUG:discord.client: Dispatching event message
2017-12-26 20:53:46,397:DEBUG:discord.http: POST https://discordapp.com/api/v6/channels/333642808097505302/messages with {"content":"https://imgur.com/a/YZ25q"} has returned 200
2017-12-26 20:53:46,398:DEBUG:discord.http: POST https://discordapp.com/api/v6/channels/333642808097505302/messages has received {'mention_everyone': False, 'id': '395393793102184451', 'tts': False, 'mentions': [], 'type': 0, 'embeds': [], 'pinned': False, 'content': 'https://imgur.com/a/YZ25q', 'attachments': [], 'channel_id': '333642808097505302', 'edited_timestamp': None, 'mention_roles': [], 'timestamp': '2017-12-27T01:53:46.337000+00:00', 'nonce': None, 'author': {'bot': True, 'id': '333637866846552066', 'discriminator': '8844', 'username': 'Meme Digest', 'avatar': 'c99b9cb425d367c3ba8c935c6d8ec543'}}
2017-12-26 20:53:46,658:DEBUG:discord.client: Dispatching event socket_raw_receive
2017-12-26 20:53:46,659:DEBUG:discord.gateway: WebSocket Event: {'s': 11, 'op': 0, 't': 'MESSAGE_UPDATE', 'd': {'id': '395393793102184451', 'channel_id': '333642808097505302', 'embeds': [{'type': 'image', 'provider': {'name': 'Imgur', 'url': 'https://imgur.com'}, 'title': 'Meme Digest Vol. 113', 'thumbnail': {'height': 440, 'proxy_url': 'https://images-ext-2.discordapp.net/external/1SmkuZdI7BQaEuMYnmyjAI7qlR8eD1Qb06YbCHxzRwU/https/i.imgur.com/VISTtYT.jpg', 'width': 438, 'url': 'https://i.imgur.com/VISTtYT.jpg'}, 'url': 'https://imgur.com/a/YZ25q'}]}}
2017-12-26 20:53:46,659:DEBUG:discord.client: Dispatching event socket_response
2017-12-26 20:53:46,659:DEBUG:discord.client: Dispatching event message_edit
2017-12-26 20:54:12,010:DEBUG:discord.gateway: Keeping websocket alive with sequence 11
2017-12-26 20:54:12,343:DEBUG:discord.client: Dispatching event socket_raw_receive
2017-12-26 20:54:12,343:DEBUG:discord.gateway: WebSocket Event: {'s': None, 'op': 11, 't': None, 'd': None}
2017-12-26 20:54:12,343:DEBUG:discord.client: Dispatching event socket_response
2017-12-26 20:54:53,266:DEBUG:discord.gateway: Keeping websocket alive with sequence 11
2017-12-26 20:54:53,295:DEBUG:discord.client: Dispatching event socket_raw_receive
2017-12-26 20:54:53,295:DEBUG:discord.gateway: WebSocket Event: {'s': None, 'op': 11, 't': None, 'd': None}
2017-12-26 20:54:53,295:DEBUG:discord.client: Dispatching event socket_response
